<?xml version="1.0" encoding="UTF-8"?>
<!-- Generated by org.testng.reporters.JUnitXMLReporter -->
<testsuite hostname="LAPTOP-6Q5KS8MJ" ignored="0" name="Test" tests="26" failures="0" timestamp="29 Nov 2019 12:58:21 GMT" time="0.089" errors="0">
  <testcase name="@BeforeClass CheckBrowsers" time="0.0" classname="com.base.Base">
    <failure type="org.testng.TestNGException" message="
Parameter &amp;apos;Browsers&amp;apos; is required by BeforeClass on method CheckBrowsers but has not been marked @Optional or defined
in C:\Users\Rajesh\git\Quality-Assurance-Repo\AutoBrain\RunTest.xml">
      <![CDATA[org.testng.TestNGException: 
Parameter 'Browsers' is required by BeforeClass on method CheckBrowsers but has not been marked @Optional or defined
in C:\Users\Rajesh\git\Quality-Assurance-Repo\AutoBrain\RunTest.xml
at java.util.concurrent.ThreadPoolExecutor.runWorker(Unknown Source)
at java.util.concurrent.ThreadPoolExecutor$Worker.run(Unknown Source)
at java.lang.Thread.run(Unknown Source)
... Removed 8 stack frames]]>
    </failure>
  </testcase> <!-- @BeforeClass CheckBrowsers -->
  <testcase name="@AfterClass quit" time="0.0" classname="com.base.Base">
    <skipped/>
  </testcase> <!-- @AfterClass quit -->
  <testcase name="VerifyValidLogin" time="0.0" classname="com.testcases.MainTest">
    <skipped/>
  </testcase> <!-- VerifyValidLogin -->
  <testcase name="VerifyLogoutUser" time="0.0" classname="com.testcases.MainTest">
    <skipped/>
  </testcase> <!-- VerifyLogoutUser -->
  <testcase name="VerifyEnteringRegisteredEmailInForgotPasswordField" time="0.0" classname="com.testcases.MainTest">
    <skipped/>
  </testcase> <!-- VerifyEnteringRegisteredEmailInForgotPasswordField -->
  <testcase name="VerifyTermsAndConditionsLinkOnSignupPage" time="0.0" classname="com.testcases.MainTest">
    <skipped/>
  </testcase> <!-- VerifyTermsAndConditionsLinkOnSignupPage -->
  <testcase name="VerifyPrivacyPolicyLinkOnSignupPage" time="0.0" classname="com.testcases.MainTest">
    <skipped/>
  </testcase> <!-- VerifyPrivacyPolicyLinkOnSignupPage -->
  <testcase name="VerifyChatButtonFunctionality" time="0.0" classname="com.testcases.MainTest">
    <skipped/>
  </testcase> <!-- VerifyChatButtonFunctionality -->
  <testcase name="VerifyUpdatingContactInfo" time="0.0" classname="com.testcases.MainTest">
    <skipped/>
  </testcase> <!-- VerifyUpdatingContactInfo -->
  <testcase name="VerifyChangePassword" time="0.0" classname="com.testcases.MainTest">
    <skipped/>
  </testcase> <!-- VerifyChangePassword -->
  <testcase name="VerifyAddNewCreditCard" time="0.0" classname="com.testcases.MainTest">
    <skipped/>
  </testcase> <!-- VerifyAddNewCreditCard -->
  <testcase name="VerifyUpdateCreditCard" time="0.0" classname="com.testcases.MainTest">
    <skipped/>
  </testcase> <!-- VerifyUpdateCreditCard -->
  <testcase name="VerifyCustomerInfo" time="0.0" classname="com.testcases.MainTest">
    <skipped/>
  </testcase> <!-- VerifyCustomerInfo -->
  <testcase name="VerifyPrintRoadsideCard" time="0.0" classname="com.testcases.MainTest">
    <skipped/>
  </testcase> <!-- VerifyPrintRoadsideCard -->
  <testcase name="VerifyVehicleProfile" time="0.0" classname="com.testcases.MainTest">
    <skipped/>
  </testcase> <!-- VerifyVehicleProfile -->
  <testcase name="VerifyDownloadApp" time="0.0" classname="com.testcases.MainTest">
    <skipped/>
  </testcase> <!-- VerifyDownloadApp -->
  <testcase name="VerifyBuyDevice" time="0.0" classname="com.testcases.MainTest">
    <skipped/>
  </testcase> <!-- VerifyBuyDevice -->
  <testcase name="VerifyTimeline" time="0.0" classname="com.testcases.MainTest">
    <skipped/>
  </testcase> <!-- VerifyTimeline -->
  <testcase name="VerifyChangingCarFromDropdownList" time="0.0" classname="com.testcases.MainTest">
    <skipped/>
  </testcase> <!-- VerifyChangingCarFromDropdownList -->
  <testcase name="VerifyCarFinder" time="0.0" classname="com.testcases.MainTest">
    <skipped/>
  </testcase> <!-- VerifyCarFinder -->
  <testcase name="VerifyCustomerService" time="0.0" classname="com.testcases.MainTest">
    <skipped/>
  </testcase> <!-- VerifyCustomerService -->
  <testcase name="VerifyCallEmergency" time="0.0" classname="com.testcases.MainTest">
    <skipped/>
  </testcase> <!-- VerifyCallEmergency -->
  <testcase name="VerifyStolenCar" time="0.0" classname="com.testcases.MainTest">
    <skipped/>
  </testcase> <!-- VerifyStolenCar -->
  <testcase name="VerifyAlertSettings" time="0.0" classname="com.testcases.MainTest">
    <skipped/>
  </testcase> <!-- VerifyAlertSettings -->
  <testcase name="VerifyCarGroups" time="0.0" classname="com.testcases.MainTest">
    <skipped/>
  </testcase> <!-- VerifyCarGroups -->
  <testcase name="VerifyBeepCarPool" time="0.0" classname="com.testcases.MainTest">
    <skipped/>
  </testcase> <!-- VerifyBeepCarPool -->
  <testcase name="VerifyModes" time="0.0" classname="com.testcases.MainTest">
    <skipped/>
  </testcase> <!-- VerifyModes -->
  <testcase name="VerifyRoadsideAssistance" time="0.0" classname="com.testcases.MainTest">
    <skipped/>
  </testcase> <!-- VerifyRoadsideAssistance -->
</testsuite> <!-- Test -->
