<?xml version="1.0" encoding="UTF-8"?>
<!-- Generated by org.testng.reporters.JUnitXMLReporter -->
<testsuite hostname="LAPTOP-6Q5KS8MJ" ignored="0" name="Command line test" tests="13" failures="0" timestamp="26 Aug 2019 13:03:31 GMT" time="10.147" errors="0">
  <testcase name="@BeforeClass CheckBrowsers" time="0.0" classname="com.base.Base">
    <failure type="org.testng.TestNGException" message="
Parameter &amp;apos;Browsers&amp;apos; is required by BeforeClass on method CheckBrowsers but has not been marked @Optional or defined
">
      <![CDATA[org.testng.TestNGException: 
Parameter 'Browsers' is required by BeforeClass on method CheckBrowsers but has not been marked @Optional or defined

at com.testcases.TestRunner.main(TestRunner.java:11)
... Removed 20 stack frames]]>
    </failure>
  </testcase> <!-- @BeforeClass CheckBrowsers -->
  <testcase name="@AfterClass quit" time="0.0" classname="com.base.Base">
    <skipped/>
  </testcase> <!-- @AfterClass quit -->
  <testcase name="VerifyBlankLogin" time="0.0" classname="com.testcases.MainTest">
    <skipped/>
  </testcase> <!-- VerifyBlankLogin -->
  <testcase name="VerifyInvalidLogin" time="0.0" classname="com.testcases.MainTest">
    <skipped/>
  </testcase> <!-- VerifyInvalidLogin -->
  <testcase name="VerifyValidLogin" time="0.0" classname="com.testcases.MainTest">
    <skipped/>
  </testcase> <!-- VerifyValidLogin -->
  <testcase name="VerifyLogoutUser" time="0.0" classname="com.testcases.MainTest">
    <skipped/>
  </testcase> <!-- VerifyLogoutUser -->
  <testcase name="VerifyValidSignup" time="0.0" classname="com.testcases.MainTest">
    <skipped/>
  </testcase> <!-- VerifyValidSignup -->
  <testcase name="VerifyEnteringRegisteredEmailInForgotPasswordField" time="0.0" classname="com.testcases.MainTest">
    <skipped/>
  </testcase> <!-- VerifyEnteringRegisteredEmailInForgotPasswordField -->
  <testcase name="VerifyEnteringInvalidEmailInForgotPasswordFiled" time="0.0" classname="com.testcases.MainTest">
    <skipped/>
  </testcase> <!-- VerifyEnteringInvalidEmailInForgotPasswordFiled -->
  <testcase name="VerifyForgotPasswordCancelButtonRedirection" time="0.0" classname="com.testcases.MainTest">
    <skipped/>
  </testcase> <!-- VerifyForgotPasswordCancelButtonRedirection -->
  <testcase name="VerifyTermsAndConditionsLinkOnSignupPage" time="0.0" classname="com.testcases.MainTest">
    <skipped/>
  </testcase> <!-- VerifyTermsAndConditionsLinkOnSignupPage -->
  <testcase name="VerifyPrivacyPolicyLinkOnSignupPage" time="0.0" classname="com.testcases.MainTest">
    <skipped/>
  </testcase> <!-- VerifyPrivacyPolicyLinkOnSignupPage -->
  <testcase name="VerifyChatButtonFunctionality" time="0.0" classname="com.testcases.MainTest">
    <skipped/>
  </testcase> <!-- VerifyChatButtonFunctionality -->
  <testcase name="VerifyUpdatingContactInfo" time="0.0" classname="com.testcases.MainTest">
    <skipped/>
  </testcase> <!-- VerifyUpdatingContactInfo -->
  <testcase name="VerifyChangePassword" time="0.0" classname="com.testcases.MainTest">
    <skipped/>
  </testcase> <!-- VerifyChangePassword -->
</testsuite> <!-- Command line test -->
